# JRE version: OpenJDK Runtime Environment Temurin-21.0.9+10 (21.0.9+10) (build 21.0.9+10-LTS)
# Java VM: OpenJDK 64-Bit Server VM Temurin-21.0.9+10 (21.0.9+10-LTS, mixed mode, sharing, tiered, compressed oops, compressed class ptrs, parallel gc, windows-amd64)
GC Precious Log:
 CardTable entry size: 512
 CPUs: 12 total, 12 available
 Memory: 15733M
 Large Page Support: Disabled
 NUMA Support: Disabled
 Compressed Oops: Enabled (32-bit)
 Alignments: Space 512K, Generation 512K, Heap 2M
 Heap Min Capacity: 100M
 Heap Initial Capacity: 100M
 Heap Max Capacity: 2G
 Pre-touch: Disabled
 Parallel Workers: 10
Heap:
 PSYoungGen      total 6656K, used 6044K [0x00000000d5580000, 0x00000000d5e80000, 0x0000000100000000)
  eden space 4608K, 89% used [0x00000000d5580000,0x00000000d5988070,0x00000000d5a00000)
  from space 2048K, 93% used [0x00000000d5c80000,0x00000000d5e5efd0,0x00000000d5e80000)
  to   space 2048K, 0% used [0x00000000d5a00000,0x00000000d5a00000,0x00000000d5c00000)
 ParOldGen       total 745472K, used 745148K [0x0000000080000000, 0x00000000ad800000, 0x00000000d5580000)
  object space 745472K, 99% used [0x0000000080000000,0x00000000ad7af040,0x00000000ad800000)
 Metaspace       used 69204K, committed 70656K, reserved 1114112K
  class space    used 7532K, committed 8192K, reserved 1048576K
GC Heap History (20 events):
Event: 27.945 GC heap before
{Heap before GC invocations=964 (full 3):
 PSYoungGen      total 4608K, used 4456K [0x00000000d5580000, 0x00000000d5c00000, 0x0000000100000000)
  eden space 3072K, 100% used [0x00000000d5580000,0x00000000d5880000,0x00000000d5880000)
  from space 1536K, 90% used [0x00000000d5a80000,0x00000000d5bda018,0x00000000d5c00000)
  to   space 1536K, 0% used [0x00000000d5900000,0x00000000d5900000,0x00000000d5a80000)
 ParOldGen       total 731648K, used 731563K [0x0000000080000000, 0x00000000aca80000, 0x00000000d5580000)
  object space 731648K, 99% used [0x0000000080000000,0x00000000aca6afb8,0x00000000aca80000)
 Metaspace       used 68834K, committed 70336K, reserved 1114112K
  class space    used 7516K, committed 8192K, reserved 1048576K
}
Event: 27.947 GC heap after
{Heap after GC invocations=964 (full 3):
 PSYoungGen      total 5120K, used 1520K [0x00000000d5580000, 0x00000000d5e80000, 0x0000000100000000)
  eden space 3584K, 0% used [0x00000000d5580000,0x00000000d5580000,0x00000000d5900000)
  from space 1536K, 98% used [0x00000000d5900000,0x00000000d5a7c008,0x00000000d5a80000)
  to   space 2560K, 0% used [0x00000000d5c00000,0x00000000d5c00000,0x00000000d5e80000)
 ParOldGen       total 732672K, used 732409K [0x0000000080000000, 0x00000000acb80000, 0x00000000d5580000)
  object space 732672K, 99% used [0x0000000080000000,0x00000000acb3e7d0,0x00000000acb80000)
 Metaspace       used 68834K, committed 70336K, reserved 1114112K
  class space    used 7516K, committed 8192K, reserved 1048576K
}
Event: 27.964 GC heap before
{Heap before GC invocations=965 (full 3):
 PSYoungGen      total 5120K, used 5104K [0x00000000d5580000, 0x00000000d5e80000, 0x0000000100000000)
  eden space 3584K, 100% used [0x00000000d5580000,0x00000000d5900000,0x00000000d5900000)
  from space 1536K, 98% used [0x00000000d5900000,0x00000000d5a7c008,0x00000000d5a80000)
  to   space 2560K, 0% used [0x00000000d5c00000,0x00000000d5c00000,0x00000000d5e80000)
 ParOldGen       total 732672K, used 732409K [0x0000000080000000, 0x00000000acb80000, 0x00000000d5580000)
  object space 732672K, 99% used [0x0000000080000000,0x00000000acb3e7d0,0x00000000acb80000)
 Metaspace       used 68843K, committed 70336K, reserved 1114112K
  class space    used 7516K, committed 8192K, reserved 1048576K
}
Event: 27.966 GC heap after
{Heap after GC invocations=965 (full 3):
 PSYoungGen      total 6656K, used 1376K [0x00000000d5580000, 0x00000000d5e00000, 0x0000000100000000)
  eden space 4608K, 0% used [0x00000000d5580000,0x00000000d5580000,0x00000000d5a00000)
  from space 2048K, 67% used [0x00000000d5c00000,0x00000000d5d58000,0x00000000d5e00000)
  to   space 2048K, 0% used [0x00000000d5a00000,0x00000000d5a00000,0x00000000d5c00000)
 ParOldGen       total 733696K, used 733621K [0x0000000080000000, 0x00000000acc80000, 0x00000000d5580000)
  object space 733696K, 99% used [0x0000000080000000,0x00000000acc6d660,0x00000000acc80000)
 Metaspace       used 68843K, committed 70336K, reserved 1114112K
  class space    used 7516K, committed 8192K, reserved 1048576K
}
Event: 27.975 GC heap before
{Heap before GC invocations=966 (full 3):
 PSYoungGen      total 6656K, used 5984K [0x00000000d5580000, 0x00000000d5e00000, 0x0000000100000000)
  eden space 4608K, 100% used [0x00000000d5580000,0x00000000d5a00000,0x00000000d5a00000)
  from space 2048K, 67% used [0x00000000d5c00000,0x00000000d5d58000,0x00000000d5e00000)
  to   space 2048K, 0% used [0x00000000d5a00000,0x00000000d5a00000,0x00000000d5c00000)
 ParOldGen       total 733696K, used 733621K [0x0000000080000000, 0x00000000acc80000, 0x00000000d5580000)
  object space 733696K, 99% used [0x0000000080000000,0x00000000acc6d660,0x00000000acc80000)
 Metaspace       used 68843K, committed 70336K, reserved 1114112K
  class space    used 7516K, committed 8192K, reserved 1048576K
}
Event: 27.977 GC heap after
{Heap after GC invocations=966 (full 3):
 PSYoungGen      total 6656K, used 2018K [0x00000000d5580000, 0x00000000d6300000, 0x0000000100000000)
  eden space 4608K, 0% used [0x00000000d5580000,0x00000000d5580000,0x00000000d5a00000)
  from space 2048K, 98% used [0x00000000d5a00000,0x00000000d5bf8b70,0x00000000d5c00000)
  to   space 4096K, 0% used [0x00000000d5f00000,0x00000000d5f00000,0x00000000d6300000)
 ParOldGen       total 735232K, used 734915K [0x0000000080000000, 0x00000000ace00000, 0x00000000d5580000)
  object space 735232K, 99% used [0x0000000080000000,0x00000000acdb0df8,0x00000000ace00000)
 Metaspace       used 68843K, committed 70336K, reserved 1114112K
  class space    used 7516K, committed 8192K, reserved 1048576K
}
Event: 27.991 GC heap before
{Heap before GC invocations=967 (full 3):
 PSYoungGen      total 6656K, used 6626K [0x00000000d5580000, 0x00000000d6300000, 0x0000000100000000)
  eden space 4608K, 100% used [0x00000000d5580000,0x00000000d5a00000,0x00000000d5a00000)
  from space 2048K, 98% used [0x00000000d5a00000,0x00000000d5bf8b70,0x00000000d5c00000)
  to   space 4096K, 0% used [0x00000000d5f00000,0x00000000d5f00000,0x00000000d6300000)
 ParOldGen       total 735232K, used 734915K [0x0000000080000000, 0x00000000ace00000, 0x00000000d5580000)
  object space 735232K, 99% used [0x0000000080000000,0x00000000acdb0df8,0x00000000ace00000)
 Metaspace       used 68843K, committed 70336K, reserved 1114112K
  class space    used 7516K, committed 8192K, reserved 1048576K
}
Event: 27.994 GC heap after
{Heap after GC invocations=967 (full 3):
 PSYoungGen      total 7168K, used 2097K [0x00000000d5580000, 0x00000000d6180000, 0x0000000100000000)
  eden space 4608K, 0% used [0x00000000d5580000,0x00000000d5580000,0x00000000d5a00000)
  from space 2560K, 81% used [0x00000000d5f00000,0x00000000d610c7e0,0x00000000d6180000)
  to   space 2560K, 0% used [0x00000000d5c80000,0x00000000d5c80000,0x00000000d5f00000)
 ParOldGen       total 736256K, used 735790K [0x0000000080000000, 0x00000000acf00000, 0x00000000d5580000)
  object space 736256K, 99% used [0x0000000080000000,0x00000000ace8ba08,0x00000000acf00000)
 Metaspace       used 68843K, committed 70336K, reserved 1114112K
  class space    used 7516K, committed 8192K, reserved 1048576K
}
Event: 28.007 GC heap before
{Heap before GC invocations=968 (full 3):
 PSYoungGen      total 7168K, used 6705K [0x00000000d5580000, 0x00000000d6180000, 0x0000000100000000)
  eden space 4608K, 100% used [0x00000000d5580000,0x00000000d5a00000,0x00000000d5a00000)
  from space 2560K, 81% used [0x00000000d5f00000,0x00000000d610c7e0,0x00000000d6180000)
  to   space 2560K, 0% used [0x00000000d5c80000,0x00000000d5c80000,0x00000000d5f00000)
 ParOldGen       total 736256K, used 735790K [0x0000000080000000, 0x00000000acf00000, 0x00000000d5580000)
  object space 736256K, 99% used [0x0000000080000000,0x00000000ace8ba08,0x00000000acf00000)
 Metaspace       used 68843K, committed 70336K, reserved 1114112K
  class space    used 7516K, committed 8192K, reserved 1048576K
}
Event: 28.010 GC heap after
{Heap after GC invocations=968 (full 3):
 PSYoungGen      total 6656K, used 1810K [0x00000000d5580000, 0x00000000d5f80000, 0x0000000100000000)
  eden space 4608K, 0% used [0x00000000d5580000,0x00000000d5580000,0x00000000d5a00000)
  from space 2048K, 88% used [0x00000000d5c80000,0x00000000d5e44808,0x00000000d5e80000)
  to   space 1024K, 0% used [0x00000000d5e80000,0x00000000d5e80000,0x00000000d5f80000)
 ParOldGen       total 738304K, used 737796K [0x0000000080000000, 0x00000000ad100000, 0x00000000d5580000)
  object space 738304K, 99% used [0x0000000080000000,0x00000000ad081178,0x00000000ad100000)
 Metaspace       used 68843K, committed 70336K, reserved 1114112K
  class space    used 7516K, committed 8192K, reserved 1048576K
}
Event: 28.025 GC heap before
{Heap before GC invocations=969 (full 3):
 PSYoungGen      total 6656K, used 6418K [0x00000000d5580000, 0x00000000d5f80000, 0x0000000100000000)
  eden space 4608K, 100% used [0x00000000d5580000,0x00000000d5a00000,0x00000000d5a00000)
  from space 2048K, 88% used [0x00000000d5c80000,0x00000000d5e44808,0x00000000d5e80000)
  to   space 1024K, 0% used [0x00000000d5e80000,0x00000000d5e80000,0x00000000d5f80000)
 ParOldGen       total 738304K, used 737796K [0x0000000080000000, 0x00000000ad100000, 0x00000000d5580000)
  object space 738304K, 99% used [0x0000000080000000,0x00000000ad081178,0x00000000ad100000)
 Metaspace       used 68843K, committed 70336K, reserved 1114112K
  class space    used 7516K, committed 8192K, reserved 1048576K
}
Event: 28.027 GC heap after
{Heap after GC invocations=969 (full 3):
 PSYoungGen      total 5632K, used 1024K [0x00000000d5580000, 0x00000000d6100000, 0x0000000100000000)
  eden space 4608K, 0% used [0x00000000d5580000,0x00000000d5580000,0x00000000d5a00000)
  from space 1024K, 100% used [0x00000000d5e80000,0x00000000d5f80000,0x00000000d5f80000)
  to   space 3584K, 0% used [0x00000000d5a00000,0x00000000d5a00000,0x00000000d5d80000)
 ParOldGen       total 739840K, used 739785K [0x0000000080000000, 0x00000000ad280000, 0x00000000d5580000)
  object space 739840K, 99% used [0x0000000080000000,0x00000000ad272578,0x00000000ad280000)
 Metaspace       used 68843K, committed 70336K, reserved 1114112K
  class space    used 7516K, committed 8192K, reserved 1048576K
}
Event: 28.041 GC heap before
{Heap before GC invocations=970 (full 3):
 PSYoungGen      total 5632K, used 5632K [0x00000000d5580000, 0x00000000d6100000, 0x0000000100000000)
  eden space 4608K, 100% used [0x00000000d5580000,0x00000000d5a00000,0x00000000d5a00000)
  from space 1024K, 100% used [0x00000000d5e80000,0x00000000d5f80000,0x00000000d5f80000)
  to   space 3584K, 0% used [0x00000000d5a00000,0x00000000d5a00000,0x00000000d5d80000)
 ParOldGen       total 739840K, used 739785K [0x0000000080000000, 0x00000000ad280000, 0x00000000d5580000)
  object space 739840K, 99% used [0x0000000080000000,0x00000000ad272578,0x00000000ad280000)
 Metaspace       used 68844K, committed 70336K, reserved 1114112K
  class space    used 7516K, committed 8192K, reserved 1048576K
}
Event: 28.043 GC heap after
{Heap after GC invocations=970 (full 3):
 PSYoungGen      total 6656K, used 1763K [0x00000000d5580000, 0x00000000d5f00000, 0x0000000100000000)
  eden space 4608K, 0% used [0x00000000d5580000,0x00000000d5580000,0x00000000d5a00000)
  from space 2048K, 86% used [0x00000000d5a00000,0x00000000d5bb8f88,0x00000000d5c00000)
  to   space 2560K, 0% used [0x00000000d5c80000,0x00000000d5c80000,0x00000000d5f00000)
 ParOldGen       total 740864K, used 740707K [0x0000000080000000, 0x00000000ad380000, 0x00000000d5580000)
  object space 740864K, 99% used [0x0000000080000000,0x00000000ad358d90,0x00000000ad380000)
 Metaspace       used 68844K, committed 70336K, reserved 1114112K
  class space    used 7516K, committed 8192K, reserved 1048576K
}
Event: 28.058 GC heap before
{Heap before GC invocations=971 (full 3):
 PSYoungGen      total 6656K, used 6371K [0x00000000d5580000, 0x00000000d5f00000, 0x0000000100000000)
  eden space 4608K, 100% used [0x00000000d5580000,0x00000000d5a00000,0x00000000d5a00000)
  from space 2048K, 86% used [0x00000000d5a00000,0x00000000d5bb8f88,0x00000000d5c00000)
  to   space 2560K, 0% used [0x00000000d5c80000,0x00000000d5c80000,0x00000000d5f00000)
 ParOldGen       total 740864K, used 740707K [0x0000000080000000, 0x00000000ad380000, 0x00000000d5580000)
  object space 740864K, 99% used [0x0000000080000000,0x00000000ad358d90,0x00000000ad380000)
 Metaspace       used 68844K, committed 70336K, reserved 1114112K
  class space    used 7516K, committed 8192K, reserved 1048576K
}
Event: 28.060 GC heap after
{Heap after GC invocations=971 (full 3):
 PSYoungGen      total 6656K, used 1668K [0x00000000d5580000, 0x00000000d5e80000, 0x0000000100000000)
  eden space 4608K, 0% used [0x00000000d5580000,0x00000000d5580000,0x00000000d5a00000)
  from space 2048K, 81% used [0x00000000d5c80000,0x00000000d5e21010,0x00000000d5e80000)
  to   space 2048K, 0% used [0x00000000d5a00000,0x00000000d5a00000,0x00000000d5c00000)
 ParOldGen       total 742400K, used 741947K [0x0000000080000000, 0x00000000ad500000, 0x00000000d5580000)
  object space 742400K, 99% used [0x0000000080000000,0x00000000ad48ee80,0x00000000ad500000)
 Metaspace       used 68844K, committed 70336K, reserved 1114112K
  class space    used 7516K, committed 8192K, reserved 1048576K
}
Event: 28.078 GC heap before
{Heap before GC invocations=972 (full 3):
 PSYoungGen      total 6656K, used 6276K [0x00000000d5580000, 0x00000000d5e80000, 0x0000000100000000)
  eden space 4608K, 100% used [0x00000000d5580000,0x00000000d5a00000,0x00000000d5a00000)
  from space 2048K, 81% used [0x00000000d5c80000,0x00000000d5e21010,0x00000000d5e80000)
  to   space 2048K, 0% used [0x00000000d5a00000,0x00000000d5a00000,0x00000000d5c00000)
 ParOldGen       total 742400K, used 741947K [0x0000000080000000, 0x00000000ad500000, 0x00000000d5580000)
  object space 742400K, 99% used [0x0000000080000000,0x00000000ad48ee80,0x00000000ad500000)
 Metaspace       used 68844K, committed 70336K, reserved 1114112K
  class space    used 7516K, committed 8192K, reserved 1048576K
}
Event: 28.081 GC heap after
{Heap after GC invocations=972 (full 3):
 PSYoungGen      total 6656K, used 2034K [0x00000000d5580000, 0x00000000d5f00000, 0x0000000100000000)
  eden space 4608K, 0% used [0x00000000d5580000,0x00000000d5580000,0x00000000d5a00000)
  from space 2048K, 99% used [0x00000000d5a00000,0x00000000d5bfc810,0x00000000d5c00000)
  to   space 2560K, 0% used [0x00000000d5c80000,0x00000000d5c80000,0x00000000d5f00000)
 ParOldGen       total 743424K, used 743414K [0x0000000080000000, 0x00000000ad600000, 0x00000000d5580000)
  object space 743424K, 99% used [0x0000000080000000,0x00000000ad5fda90,0x00000000ad600000)
 Metaspace       used 68844K, committed 70336K, reserved 1114112K
  class space    used 7516K, committed 8192K, reserved 1048576K
}
Event: 28.095 GC heap before
{Heap before GC invocations=973 (full 3):
 PSYoungGen      total 6656K, used 6642K [0x00000000d5580000, 0x00000000d5f00000, 0x0000000100000000)
  eden space 4608K, 100% used [0x00000000d5580000,0x00000000d5a00000,0x00000000d5a00000)
  from space 2048K, 99% used [0x00000000d5a00000,0x00000000d5bfc810,0x00000000d5c00000)
  to   space 2560K, 0% used [0x00000000d5c80000,0x00000000d5c80000,0x00000000d5f00000)
 ParOldGen       total 743424K, used 743414K [0x0000000080000000, 0x00000000ad600000, 0x00000000d5580000)
  object space 743424K, 99% used [0x0000000080000000,0x00000000ad5fda90,0x00000000ad600000)
 Metaspace       used 68844K, committed 70336K, reserved 1114112K
  class space    used 7516K, committed 8192K, reserved 1048576K
}
Event: 28.098 GC heap after
{Heap after GC invocations=973 (full 3):
 PSYoungGen      total 6656K, used 1915K [0x00000000d5580000, 0x00000000d5e80000, 0x0000000100000000)
  eden space 4608K, 0% used [0x00000000d5580000,0x00000000d5580000,0x00000000d5a00000)
  from space 2048K, 93% used [0x00000000d5c80000,0x00000000d5e5efd0,0x00000000d5e80000)
  to   space 2048K, 0% used [0x00000000d5a00000,0x00000000d5a00000,0x00000000d5c00000)
 ParOldGen       total 745472K, used 745148K [0x0000000080000000, 0x00000000ad800000, 0x00000000d5580000)
  object space 745472K, 99% used [0x0000000080000000,0x00000000ad7af040,0x00000000ad800000)
 Metaspace       used 68844K, committed 70336K, reserved 1114112K
  class space    used 7516K, committed 8192K, reserved 1048576K
}

